[2021-04-10T16:28:59.750+0300] [] [INFO] [NCLS-GFLAUNCHER-00005] [javax.enterprise.launcher] [tid: _ThreadID=1 _ThreadName=main] [timeMillis: 1618061339750] [levelValue: 800] [[
  JVM invocation command line:
/usr/lib/jvm/java-8-openjdk-amd64/bin/java
-cp
/home/getsu/Data/WebPrac/cmcWebPrac/glassfish5/glassfish/modules/glassfish.jar
-XX:+UnlockDiagnosticVMOptions
-XX:NewRatio=2
-XX:MaxPermSize=192m
-Xmx512m
-client
-javaagent:/home/getsu/Data/WebPrac/cmcWebPrac/glassfish5/glassfish/lib/monitor/flashlight-agent.jar
-Djavax.xml.accessExternalSchema=all
-Djavax.net.ssl.trustStore=/home/getsu/Data/WebPrac/cmcWebPrac/glassfish5/glassfish/domains/domain1/config/cacerts.jks
-Djdk.tls.rejectClientInitiatedRenegotiation=true
-Djdk.corba.allowOutputStreamSubclass=true
-Dfelix.fileinstall.dir=/home/getsu/Data/WebPrac/cmcWebPrac/glassfish5/glassfish/modules/autostart/
-Dorg.glassfish.additionalOSGiBundlesToStart=org.apache.felix.shell,org.apache.felix.gogo.runtime,org.apache.felix.gogo.shell,org.apache.felix.gogo.command,org.apache.felix.shell.remote,org.apache.felix.fileinstall
-Dcom.sun.aas.installRoot=/home/getsu/Data/WebPrac/cmcWebPrac/glassfish5/glassfish
-Dfelix.fileinstall.poll=5000
-Djava.endorsed.dirs=/home/getsu/Data/WebPrac/cmcWebPrac/glassfish5/glassfish/modules/endorsed:/home/getsu/Data/WebPrac/cmcWebPrac/glassfish5/glassfish/lib/endorsed
-Djava.security.policy=/home/getsu/Data/WebPrac/cmcWebPrac/glassfish5/glassfish/domains/domain1/config/server.policy
-Dosgi.shell.telnet.maxconn=1
-Dfelix.fileinstall.bundles.startTransient=true
-Dcom.sun.enterprise.config.config_environment_factory_class=com.sun.enterprise.config.serverbeans.AppserverConfigEnvironmentFactory
-Dfelix.fileinstall.log.level=2
-Djavax.net.ssl.keyStore=/home/getsu/Data/WebPrac/cmcWebPrac/glassfish5/glassfish/domains/domain1/config/keystore.jks
-Djava.security.auth.login.config=/home/getsu/Data/WebPrac/cmcWebPrac/glassfish5/glassfish/domains/domain1/config/login.conf
-Dfelix.fileinstall.disableConfigSave=false
-Dfelix.fileinstall.bundles.new.start=true
-Dcom.sun.aas.instanceRoot=/home/getsu/Data/WebPrac/cmcWebPrac/glassfish5/glassfish/domains/domain1
-Dosgi.shell.telnet.port=6666
-Dgosh.args=--nointeractive
-Dcom.sun.enterprise.security.httpsOutboundKeyAlias=s1as
-Dosgi.shell.telnet.ip=127.0.0.1
-DANTLR_USE_DIRECT_CLASS_LOADING=true
-Djava.awt.headless=true
-Dcom.ctc.wstx.returnNullForDefaultNamespace=true
-Djava.ext.dirs=/usr/lib/jvm/java-8-openjdk-amd64/lib/ext:/usr/lib/jvm/java-8-openjdk-amd64/jre/lib/ext:/home/getsu/Data/WebPrac/cmcWebPrac/glassfish5/glassfish/domains/domain1/lib/ext
-Djdbc.drivers=org.apache.derby.jdbc.ClientDriver
-Djava.library.path=/home/getsu/Data/WebPrac/cmcWebPrac/glassfish5/glassfish/lib:/usr/java/packages/lib/amd64:/usr/lib/x86_64-linux-gnu/jni:/lib/x86_64-linux-gnu:/usr/lib/x86_64-linux-gnu:/usr/lib/jni:/lib:/usr/lib
com.sun.enterprise.glassfish.bootstrap.ASMain
-upgrade
false
-domaindir
/home/getsu/Data/WebPrac/cmcWebPrac/glassfish5/glassfish/domains/domain1
-read-stdin
true
-asadmin-args
--host,,,localhost,,,--port,,,4848,,,--secure=false,,,--terse=false,,,--echo=false,,,--interactive=false,,,start-domain,,,--verbose=false,,,--watchdog=false,,,--debug=false,,,--domaindir,,,/home/getsu/Data/WebPrac/cmcWebPrac/glassfish5/glassfish/domains,,,domain1
-domainname
domain1
-instancename
server
-type
DAS
-verbose
false
-asadmin-classpath
/home/getsu/Data/WebPrac/cmcWebPrac/glassfish5/glassfish/lib/client/appserver-cli.jar
-debug
false
-asadmin-classname
com.sun.enterprise.admin.cli.AdminMain]]

[2021-04-10T16:29:03.869+0300] [glassfish 5.0] [INFO] [NCLS-LOGGING-00009] [javax.enterprise.logging] [tid: _ThreadID=21 _ThreadName=RunLevelControllerThread-1618061343684] [timeMillis: 1618061343869] [levelValue: 800] [[
  Running GlassFish Version: GlassFish Server Open Source Edition  5.0.1  (build java_re-private)]]

[2021-04-10T16:29:03.872+0300] [glassfish 5.0] [INFO] [NCLS-LOGGING-00010] [javax.enterprise.logging] [tid: _ThreadID=21 _ThreadName=RunLevelControllerThread-1618061343684] [timeMillis: 1618061343872] [levelValue: 800] [[
  Server log file is using Formatter class: com.sun.enterprise.server.logging.ODLLogFormatter]]

[2021-04-10T16:29:04.578+0300] [glassfish 5.0] [INFO] [NCLS-SECURITY-01115] [javax.enterprise.system.core.security] [tid: _ThreadID=20 _ThreadName=RunLevelControllerThread-1618061343683] [timeMillis: 1618061344578] [levelValue: 800] [[
  Realm [admin-realm] of classtype [com.sun.enterprise.security.auth.realm.file.FileRealm] successfully created.]]

[2021-04-10T16:29:04.590+0300] [glassfish 5.0] [INFO] [NCLS-SECURITY-01115] [javax.enterprise.system.core.security] [tid: _ThreadID=20 _ThreadName=RunLevelControllerThread-1618061343683] [timeMillis: 1618061344590] [levelValue: 800] [[
  Realm [file] of classtype [com.sun.enterprise.security.auth.realm.file.FileRealm] successfully created.]]

[2021-04-10T16:29:04.608+0300] [glassfish 5.0] [INFO] [NCLS-SECURITY-01115] [javax.enterprise.system.core.security] [tid: _ThreadID=20 _ThreadName=RunLevelControllerThread-1618061343683] [timeMillis: 1618061344608] [levelValue: 800] [[
  Realm [certificate] of classtype [com.sun.enterprise.security.auth.realm.certificate.CertificateRealm] successfully created.]]

[2021-04-10T16:29:04.638+0300] [glassfish 5.0] [INFO] [] [org.glassfish.ha.store.spi.BackingStoreFactoryRegistry] [tid: _ThreadID=21 _ThreadName=RunLevelControllerThread-1618061343684] [timeMillis: 1618061344638] [levelValue: 800] [[
  Registered org.glassfish.ha.store.adapter.cache.ShoalBackingStoreProxy for persistence-type = replicated in BackingStoreFactoryRegistry]]

[2021-04-10T16:29:04.745+0300] [glassfish 5.0] [INFO] [SEC-SVCS-00100] [javax.enterprise.security.services] [tid: _ThreadID=20 _ThreadName=RunLevelControllerThread-1618061343683] [timeMillis: 1618061344745] [levelValue: 800] [[
  Authorization Service has successfully initialized.]]

[2021-04-10T16:29:04.832+0300] [glassfish 5.0] [INFO] [NCLS-CORE-00087] [javax.enterprise.system.core] [tid: _ThreadID=22 _ThreadName=RunLevelControllerThread-1618061343692] [timeMillis: 1618061344832] [levelValue: 800] [[
  Grizzly Framework 2.4.3 started in: 36ms - bound to [/0.0.0.0:8080]]]

[2021-04-10T16:29:04.879+0300] [glassfish 5.0] [INFO] [NCLS-CORE-00087] [javax.enterprise.system.core] [tid: _ThreadID=22 _ThreadName=RunLevelControllerThread-1618061343692] [timeMillis: 1618061344879] [levelValue: 800] [[
  Grizzly Framework 2.4.3 started in: 8ms - bound to [/0.0.0.0:8181]]]

[2021-04-10T16:29:04.887+0300] [glassfish 5.0] [INFO] [NCLS-CORE-00087] [javax.enterprise.system.core] [tid: _ThreadID=22 _ThreadName=RunLevelControllerThread-1618061343692] [timeMillis: 1618061344887] [levelValue: 800] [[
  Grizzly Framework 2.4.3 started in: 1ms - bound to [/0.0.0.0:4848]]]

[2021-04-10T16:29:04.953+0300] [glassfish 5.0] [INFO] [NCLS-CORE-00087] [javax.enterprise.system.core] [tid: _ThreadID=21 _ThreadName=RunLevelControllerThread-1618061343684] [timeMillis: 1618061344953] [levelValue: 800] [[
  Grizzly Framework 2.4.3 started in: 1ms - bound to [/0.0.0.0:3700]]]

[2021-04-10T16:29:04.955+0300] [glassfish 5.0] [INFO] [NCLS-CORE-00017] [javax.enterprise.system.core] [tid: _ThreadID=1 _ThreadName=main] [timeMillis: 1618061344955] [levelValue: 800] [[
  GlassFish Server Open Source Edition  5.0.1  (java_re-private) startup time : Felix (3,677ms), startup services(1,278ms), total(4,955ms)]]

[2021-04-10T16:29:05.151+0300] [glassfish 5.0] [INFO] [jts.startup_msg] [javax.enterprise.system.core.transaction.com.sun.jts.CosTransactions] [tid: _ThreadID=21 _ThreadName=RunLevelControllerThread-1618061343684] [timeMillis: 1618061345151] [levelValue: 800] [[
  JTS5014: Recoverable JTS instance, serverId = [100]]]

[2021-04-10T16:29:05.313+0300] [glassfish 5.0] [INFO] [NCLS-CORE-00087] [javax.enterprise.system.core] [tid: _ThreadID=23 _ThreadName=RunLevelControllerThread-1618061343693] [timeMillis: 1618061345313] [levelValue: 800] [[
  Grizzly Framework 2.4.3 started in: 17ms - bound to [/0.0.0.0:7676]]]

[2021-04-10T16:29:05.491+0300] [glassfish 5.0] [INFO] [NCLS-JMX-00005] [javax.enterprise.system.jmx] [tid: _ThreadID=59 _ThreadName=Thread-16] [timeMillis: 1618061345491] [levelValue: 800] [[
  JMXStartupService has started JMXConnector on JMXService URL service:jmx:rmi://dragon:8686/jndi/rmi://dragon:8686/jmxrmi]]

[2021-04-10T16:29:06.993+0300] [glassfish 5.0] [INFO] [] [org.hibernate.validator.internal.util.Version] [tid: _ThreadID=49 _ThreadName=admin-listener(4)] [timeMillis: 1618061346993] [levelValue: 800] [[
  HV000001: Hibernate Validator 6.0.10.Final]]

[2021-04-10T16:29:09.824+0300] [glassfish 5.0] [INFO] [NCLS-REST-00001] [javax.enterprise.admin.rest] [tid: _ThreadID=49 _ThreadName=admin-listener(4)] [timeMillis: 1618061349824] [levelValue: 800] [[
  Listening to REST requests at context: /management/domain.]]

[2021-04-10T16:29:10.030+0300] [glassfish 5.0] [INFO] [NCLS-BOOTSTRAP-00027] [javax.enterprise.bootstrap] [tid: _ThreadID=1 _ThreadName=main] [timeMillis: 1618061350030] [levelValue: 800] [[
  Registered com.sun.enterprise.glassfish.bootstrap.osgi.EmbeddedOSGiGlassFishImpl@5560bcdf as OSGi service registration: org.apache.felix.framework.ServiceRegistrationImpl@b558294.]]

[2021-04-10T16:29:10.213+0300] [glassfish 5.0] [INFO] [] [org.jvnet.hk2.osgiadapter] [tid: _ThreadID=18 _ThreadName=FelixStartLevel] [timeMillis: 1618061350213] [levelValue: 800] [[
  Skipping registration of inhabitant for service reference [org.osgi.service.cm.ManagedService] as the service object could not be obtained.]]

[2021-04-10T16:29:10.215+0300] [glassfish 5.0] [INFO] [] [org.jvnet.hk2.osgiadapter] [tid: _ThreadID=18 _ThreadName=FelixStartLevel] [timeMillis: 1618061350215] [levelValue: 800] [[
  Skipping registration of inhabitant for service reference [org.osgi.service.metatype.MetaTypeProvider] as the service object could not be obtained.]]

[2021-04-10T16:29:10.541+0300] [glassfish 5.0] [INFO] [] [javax.enterprise.system.tools.deployment.common] [tid: _ThreadID=85 _ThreadName=Thread-22] [timeMillis: 1618061350541] [levelValue: 800] [[
  visiting unvisited references]]

[2021-04-10T16:29:11.079+0300] [glassfish 5.0] [INFO] [AS-WEB-GLUE-00198] [javax.enterprise.web] [tid: _ThreadID=85 _ThreadName=Thread-22] [timeMillis: 1618061351079] [levelValue: 800] [[
  Created HTTP listener http-listener-1 on host/port 0.0.0.0:8080]]

[2021-04-10T16:29:11.086+0300] [glassfish 5.0] [INFO] [AS-WEB-GLUE-00198] [javax.enterprise.web] [tid: _ThreadID=85 _ThreadName=Thread-22] [timeMillis: 1618061351086] [levelValue: 800] [[
  Created HTTP listener http-listener-2 on host/port 0.0.0.0:8181]]

[2021-04-10T16:29:11.088+0300] [glassfish 5.0] [INFO] [AS-WEB-GLUE-00198] [javax.enterprise.web] [tid: _ThreadID=85 _ThreadName=Thread-22] [timeMillis: 1618061351088] [levelValue: 800] [[
  Created HTTP listener admin-listener on host/port 0.0.0.0:4848]]

[2021-04-10T16:29:11.118+0300] [glassfish 5.0] [INFO] [AS-WEB-GLUE-00200] [javax.enterprise.web] [tid: _ThreadID=85 _ThreadName=Thread-22] [timeMillis: 1618061351118] [levelValue: 800] [[
  Created virtual server server]]

[2021-04-10T16:29:11.122+0300] [glassfish 5.0] [INFO] [AS-WEB-GLUE-00200] [javax.enterprise.web] [tid: _ThreadID=85 _ThreadName=Thread-22] [timeMillis: 1618061351122] [levelValue: 800] [[
  Created virtual server __asadmin]]

[2021-04-10T16:29:11.445+0300] [glassfish 5.0] [INFO] [AS-WEB-CORE-00306] [javax.enterprise.web.core] [tid: _ThreadID=85 _ThreadName=Thread-22] [timeMillis: 1618061351445] [levelValue: 800] [[
  Setting JAAS app name glassfish-web]]

[2021-04-10T16:29:11.446+0300] [glassfish 5.0] [INFO] [AS-WEB-GLUE-00201] [javax.enterprise.web] [tid: _ThreadID=85 _ThreadName=Thread-22] [timeMillis: 1618061351446] [levelValue: 800] [[
  Virtual server server loaded default web module ]]

[2021-04-10T16:29:12.451+0300] [glassfish 5.0] [INFO] [NCLS-SECURITY-01002] [javax.enterprise.system.core.security] [tid: _ThreadID=85 _ThreadName=Thread-22] [timeMillis: 1618061352451] [levelValue: 800] [[
  Java security manager is disabled.]]

[2021-04-10T16:29:12.452+0300] [glassfish 5.0] [INFO] [NCLS-SECURITY-01010] [javax.enterprise.system.core.security] [tid: _ThreadID=85 _ThreadName=Thread-22] [timeMillis: 1618061352452] [levelValue: 800] [[
  Entering Security Startup Service.]]

[2021-04-10T16:29:12.454+0300] [glassfish 5.0] [INFO] [NCLS-SECURITY-01143] [javax.enterprise.system.core.security] [tid: _ThreadID=85 _ThreadName=Thread-22] [timeMillis: 1618061352454] [levelValue: 800] [[
  Loading policy provider com.sun.enterprise.security.provider.PolicyWrapper.]]

[2021-04-10T16:29:12.512+0300] [glassfish 5.0] [INFO] [NCLS-SECURITY-01011] [javax.enterprise.system.core.security] [tid: _ThreadID=85 _ThreadName=Thread-22] [timeMillis: 1618061352512] [levelValue: 800] [[
  Security Service(s) started successfully.]]

[2021-04-10T16:29:12.891+0300] [glassfish 5.0] [INFO] [] [javax.enterprise.system.tools.deployment.common] [tid: _ThreadID=85 _ThreadName=Thread-22] [timeMillis: 1618061352891] [levelValue: 800] [[
  visiting unvisited references]]

[2021-04-10T16:29:12.930+0300] [glassfish 5.0] [INFO] [] [javax.enterprise.system.tools.deployment.common] [tid: _ThreadID=85 _ThreadName=Thread-22] [timeMillis: 1618061352930] [levelValue: 800] [[
  visiting unvisited references]]

[2021-04-10T16:29:12.933+0300] [glassfish 5.0] [INFO] [] [javax.enterprise.system.tools.deployment.common] [tid: _ThreadID=85 _ThreadName=Thread-22] [timeMillis: 1618061352933] [levelValue: 800] [[
  visiting unvisited references]]

[2021-04-10T16:29:15.137+0300] [glassfish 5.0] [INFO] [jsf.config.listener.version] [javax.enterprise.resource.webcontainer.jsf.config] [tid: _ThreadID=85 _ThreadName=Thread-22] [timeMillis: 1618061355137] [levelValue: 800] [[
  Initializing Mojarra 2.3.2 ( 20170627-2139 e63598abf2ed2bb1a24674f308a734e0dce18a72) for context '']]

[2021-04-10T16:29:16.265+0300] [glassfish 5.0] [INFO] [NCLS-REST-00001] [javax.enterprise.admin.rest] [tid: _ThreadID=46 _ThreadName=admin-listener(1)] [timeMillis: 1618061356265] [levelValue: 800] [[
  Listening to REST requests at context: /command/domain.]]

[2021-04-10T16:29:16.432+0300] [glassfish 5.0] [INFO] [NCLS-CORE-00092] [javax.enterprise.system.core] [tid: _ThreadID=118 _ThreadName=Thread-41] [timeMillis: 1618061356432] [levelValue: 800] [[
  Server shutdown initiated]]

[2021-04-10T16:29:16.506+0300] [glassfish 5.0] [INFO] [NCLS-BOOTSTRAP-00028] [javax.enterprise.bootstrap] [tid: _ThreadID=118 _ThreadName=Thread-41] [timeMillis: 1618061356506] [levelValue: 800] [[
  Unregistered com.sun.enterprise.glassfish.bootstrap.osgi.EmbeddedOSGiGlassFishImpl@5560bcdf from service registry.]]

[2021-04-10T16:29:16.507+0300] [glassfish 5.0] [INFO] [] [] [tid: _ThreadID=118 _ThreadName=Thread-8] [timeMillis: 1618061356507] [levelValue: 800] [[
  FileMonitoring shutdown]]

[2021-04-10T16:29:16.522+0300] [glassfish 5.0] [INFO] [NCLS-JMX-00002] [javax.enterprise.system.jmx] [tid: _ThreadID=118 _ThreadName=Thread-41] [timeMillis: 1618061356522] [levelValue: 800] [[
  JMXStartupService: Stopped JMXConnectorServer: null]]

[2021-04-10T16:29:16.523+0300] [glassfish 5.0] [INFO] [NCLS-JMX-00001] [javax.enterprise.system.jmx] [tid: _ThreadID=118 _ThreadName=Thread-41] [timeMillis: 1618061356523] [levelValue: 800] [[
  JMXStartupService and JMXConnectors have been shut down.]]

[2021-04-10T16:29:17.754+0300] [glassfish 5.0] [INFO] [AS-WEB-GLUE-00172] [javax.enterprise.web] [tid: _ThreadID=85 _ThreadName=Thread-22] [timeMillis: 1618061357754] [levelValue: 800] [[
  Loading application [__admingui] at [/]]]

[2021-04-10T16:29:17.759+0300] [glassfish 5.0] [INFO] [NCLS-CORE-00022] [javax.enterprise.system.core] [tid: _ThreadID=85 _ThreadName=Thread-22] [timeMillis: 1618061357759] [levelValue: 800] [[
  Loading application __admingui done in 7,730 ms]]

[2021-04-10T16:29:17.828+0300] [glassfish 5.0] [INFO] [] [] [tid: _ThreadID=22 _ThreadName=Thread-8] [timeMillis: 1618061357828] [levelValue: 800] [[
  JdbcRuntimeExtension,  getAllSystemRAResourcesAndPools = [GlassFishConfigBean.org.glassfish.jdbc.config.JdbcResource, GlassFishConfigBean.org.glassfish.jdbc.config.JdbcResource, GlassFishConfigBean.org.glassfish.jdbc.config.JdbcConnectionPool, GlassFishConfigBean.org.glassfish.jdbc.config.JdbcConnectionPool]]]

[2021-04-10T17:07:43.564+0300] [] [INFO] [NCLS-GFLAUNCHER-00005] [javax.enterprise.launcher] [tid: _ThreadID=1 _ThreadName=main] [timeMillis: 1618063663564] [levelValue: 800] [[
  JVM invocation command line:
/usr/lib/jvm/java-8-openjdk-amd64/bin/java
-cp
/home/getsu/Data/WebPrac/cmcWebPrac/glassfish5/glassfish/modules/glassfish.jar
-XX:+UnlockDiagnosticVMOptions
-XX:NewRatio=2
-XX:MaxPermSize=192m
-Xmx512m
-client
-javaagent:/home/getsu/Data/WebPrac/cmcWebPrac/glassfish5/glassfish/lib/monitor/flashlight-agent.jar
-Djavax.xml.accessExternalSchema=all
-Djavax.net.ssl.trustStore=/home/getsu/Data/WebPrac/cmcWebPrac/glassfish5/glassfish/domains/domain1/config/cacerts.jks
-Djdk.tls.rejectClientInitiatedRenegotiation=true
-Djdk.corba.allowOutputStreamSubclass=true
-Dfelix.fileinstall.dir=/home/getsu/Data/WebPrac/cmcWebPrac/glassfish5/glassfish/modules/autostart/
-Dorg.glassfish.additionalOSGiBundlesToStart=org.apache.felix.shell,org.apache.felix.gogo.runtime,org.apache.felix.gogo.shell,org.apache.felix.gogo.command,org.apache.felix.shell.remote,org.apache.felix.fileinstall
-Dcom.sun.aas.installRoot=/home/getsu/Data/WebPrac/cmcWebPrac/glassfish5/glassfish
-Dfelix.fileinstall.poll=5000
-Djava.endorsed.dirs=/home/getsu/Data/WebPrac/cmcWebPrac/glassfish5/glassfish/modules/endorsed:/home/getsu/Data/WebPrac/cmcWebPrac/glassfish5/glassfish/lib/endorsed
-Djava.security.policy=/home/getsu/Data/WebPrac/cmcWebPrac/glassfish5/glassfish/domains/domain1/config/server.policy
-Dosgi.shell.telnet.maxconn=1
-Dfelix.fileinstall.bundles.startTransient=true
-Dcom.sun.enterprise.config.config_environment_factory_class=com.sun.enterprise.config.serverbeans.AppserverConfigEnvironmentFactory
-Dfelix.fileinstall.log.level=2
-Djavax.net.ssl.keyStore=/home/getsu/Data/WebPrac/cmcWebPrac/glassfish5/glassfish/domains/domain1/config/keystore.jks
-Djava.security.auth.login.config=/home/getsu/Data/WebPrac/cmcWebPrac/glassfish5/glassfish/domains/domain1/config/login.conf
-Dfelix.fileinstall.disableConfigSave=false
-Dfelix.fileinstall.bundles.new.start=true
-Dcom.sun.aas.instanceRoot=/home/getsu/Data/WebPrac/cmcWebPrac/glassfish5/glassfish/domains/domain1
-Dosgi.shell.telnet.port=6666
-Dgosh.args=--nointeractive
-Dcom.sun.enterprise.security.httpsOutboundKeyAlias=s1as
-Dosgi.shell.telnet.ip=127.0.0.1
-DANTLR_USE_DIRECT_CLASS_LOADING=true
-Djava.awt.headless=true
-Dcom.ctc.wstx.returnNullForDefaultNamespace=true
-Djava.ext.dirs=/usr/lib/jvm/java-8-openjdk-amd64/lib/ext:/usr/lib/jvm/java-8-openjdk-amd64/jre/lib/ext:/home/getsu/Data/WebPrac/cmcWebPrac/glassfish5/glassfish/domains/domain1/lib/ext
-Djdbc.drivers=org.apache.derby.jdbc.ClientDriver
-Djava.library.path=/home/getsu/Data/WebPrac/cmcWebPrac/glassfish5/glassfish/lib:/usr/java/packages/lib/amd64:/usr/lib/x86_64-linux-gnu/jni:/lib/x86_64-linux-gnu:/usr/lib/x86_64-linux-gnu:/usr/lib/jni:/lib:/usr/lib
com.sun.enterprise.glassfish.bootstrap.ASMain
-upgrade
false
-domaindir
/home/getsu/Data/WebPrac/cmcWebPrac/glassfish5/glassfish/domains/domain1
-read-stdin
true
-asadmin-args
--host,,,localhost,,,--port,,,4848,,,--secure=false,,,--terse=false,,,--echo=false,,,--interactive=false,,,start-domain,,,--verbose=false,,,--watchdog=false,,,--debug=false,,,--domaindir,,,/home/getsu/Data/WebPrac/cmcWebPrac/glassfish5/glassfish/domains,,,domain1
-domainname
domain1
-instancename
server
-type
DAS
-verbose
false
-asadmin-classpath
/home/getsu/Data/WebPrac/cmcWebPrac/glassfish5/glassfish/lib/client/appserver-cli.jar
-debug
false
-asadmin-classname
com.sun.enterprise.admin.cli.AdminMain]]

[2021-04-10T17:07:48.399+0300] [glassfish 5.0] [INFO] [NCLS-LOGGING-00009] [javax.enterprise.logging] [tid: _ThreadID=21 _ThreadName=RunLevelControllerThread-1618063668133] [timeMillis: 1618063668399] [levelValue: 800] [[
  Running GlassFish Version: GlassFish Server Open Source Edition  5.0.1  (build java_re-private)]]

[2021-04-10T17:07:48.405+0300] [glassfish 5.0] [INFO] [NCLS-LOGGING-00010] [javax.enterprise.logging] [tid: _ThreadID=21 _ThreadName=RunLevelControllerThread-1618063668133] [timeMillis: 1618063668405] [levelValue: 800] [[
  Server log file is using Formatter class: com.sun.enterprise.server.logging.ODLLogFormatter]]

[2021-04-10T17:07:49.340+0300] [glassfish 5.0] [INFO] [NCLS-SECURITY-01115] [javax.enterprise.system.core.security] [tid: _ThreadID=28 _ThreadName=RunLevelControllerThread-1618063668593] [timeMillis: 1618063669340] [levelValue: 800] [[
  Realm [admin-realm] of classtype [com.sun.enterprise.security.auth.realm.file.FileRealm] successfully created.]]

[2021-04-10T17:07:49.355+0300] [glassfish 5.0] [INFO] [NCLS-SECURITY-01115] [javax.enterprise.system.core.security] [tid: _ThreadID=28 _ThreadName=RunLevelControllerThread-1618063668593] [timeMillis: 1618063669355] [levelValue: 800] [[
  Realm [file] of classtype [com.sun.enterprise.security.auth.realm.file.FileRealm] successfully created.]]

[2021-04-10T17:07:49.366+0300] [glassfish 5.0] [INFO] [NCLS-SECURITY-01115] [javax.enterprise.system.core.security] [tid: _ThreadID=28 _ThreadName=RunLevelControllerThread-1618063668593] [timeMillis: 1618063669366] [levelValue: 800] [[
  Realm [certificate] of classtype [com.sun.enterprise.security.auth.realm.certificate.CertificateRealm] successfully created.]]

[2021-04-10T17:07:49.398+0300] [glassfish 5.0] [INFO] [] [org.glassfish.ha.store.spi.BackingStoreFactoryRegistry] [tid: _ThreadID=21 _ThreadName=RunLevelControllerThread-1618063668133] [timeMillis: 1618063669398] [levelValue: 800] [[
  Registered org.glassfish.ha.store.adapter.cache.ShoalBackingStoreProxy for persistence-type = replicated in BackingStoreFactoryRegistry]]

[2021-04-10T17:07:49.511+0300] [glassfish 5.0] [INFO] [SEC-SVCS-00100] [javax.enterprise.security.services] [tid: _ThreadID=28 _ThreadName=RunLevelControllerThread-1618063668593] [timeMillis: 1618063669511] [levelValue: 800] [[
  Authorization Service has successfully initialized.]]

[2021-04-10T17:07:49.625+0300] [glassfish 5.0] [INFO] [NCLS-CORE-00087] [javax.enterprise.system.core] [tid: _ThreadID=23 _ThreadName=RunLevelControllerThread-1618063668146] [timeMillis: 1618063669625] [levelValue: 800] [[
  Grizzly Framework 2.4.3 started in: 38ms - bound to [/0.0.0.0:8080]]]

[2021-04-10T17:07:49.670+0300] [glassfish 5.0] [INFO] [NCLS-CORE-00087] [javax.enterprise.system.core] [tid: _ThreadID=23 _ThreadName=RunLevelControllerThread-1618063668146] [timeMillis: 1618063669670] [levelValue: 800] [[
  Grizzly Framework 2.4.3 started in: 5ms - bound to [/0.0.0.0:8181]]]

[2021-04-10T17:07:49.684+0300] [glassfish 5.0] [INFO] [NCLS-CORE-00087] [javax.enterprise.system.core] [tid: _ThreadID=23 _ThreadName=RunLevelControllerThread-1618063668146] [timeMillis: 1618063669684] [levelValue: 800] [[
  Grizzly Framework 2.4.3 started in: 1ms - bound to [/0.0.0.0:4848]]]

[2021-04-10T17:07:49.750+0300] [glassfish 5.0] [INFO] [NCLS-CORE-00087] [javax.enterprise.system.core] [tid: _ThreadID=21 _ThreadName=RunLevelControllerThread-1618063668133] [timeMillis: 1618063669750] [levelValue: 800] [[
  Grizzly Framework 2.4.3 started in: 1ms - bound to [/0.0.0.0:3700]]]

[2021-04-10T17:07:49.751+0300] [glassfish 5.0] [INFO] [NCLS-CORE-00017] [javax.enterprise.system.core] [tid: _ThreadID=1 _ThreadName=main] [timeMillis: 1618063669751] [levelValue: 800] [[
  GlassFish Server Open Source Edition  5.0.1  (java_re-private) startup time : Felix (4,229ms), startup services(1,631ms), total(5,860ms)]]

[2021-04-10T17:07:49.978+0300] [glassfish 5.0] [INFO] [jts.startup_msg] [javax.enterprise.system.core.transaction.com.sun.jts.CosTransactions] [tid: _ThreadID=28 _ThreadName=RunLevelControllerThread-1618063668593] [timeMillis: 1618063669978] [levelValue: 800] [[
  JTS5014: Recoverable JTS instance, serverId = [100]]]

[2021-04-10T17:07:50.174+0300] [glassfish 5.0] [INFO] [NCLS-CORE-00087] [javax.enterprise.system.core] [tid: _ThreadID=22 _ThreadName=RunLevelControllerThread-1618063668145] [timeMillis: 1618063670174] [levelValue: 800] [[
  Grizzly Framework 2.4.3 started in: 8ms - bound to [/0.0.0.0:7676]]]

[2021-04-10T17:07:50.400+0300] [glassfish 5.0] [INFO] [NCLS-JMX-00005] [javax.enterprise.system.jmx] [tid: _ThreadID=59 _ThreadName=Thread-16] [timeMillis: 1618063670400] [levelValue: 800] [[
  JMXStartupService has started JMXConnector on JMXService URL service:jmx:rmi://dragon:8686/jndi/rmi://dragon:8686/jmxrmi]]

[2021-04-10T17:07:52.505+0300] [glassfish 5.0] [INFO] [] [org.hibernate.validator.internal.util.Version] [tid: _ThreadID=51 _ThreadName=admin-listener(5)] [timeMillis: 1618063672505] [levelValue: 800] [[
  HV000001: Hibernate Validator 6.0.10.Final]]

[2021-04-10T17:07:56.980+0300] [glassfish 5.0] [INFO] [NCLS-REST-00001] [javax.enterprise.admin.rest] [tid: _ThreadID=51 _ThreadName=admin-listener(5)] [timeMillis: 1618063676980] [levelValue: 800] [[
  Listening to REST requests at context: /management/domain.]]

[2021-04-10T17:07:57.270+0300] [glassfish 5.0] [INFO] [NCLS-BOOTSTRAP-00027] [javax.enterprise.bootstrap] [tid: _ThreadID=1 _ThreadName=main] [timeMillis: 1618063677270] [levelValue: 800] [[
  Registered com.sun.enterprise.glassfish.bootstrap.osgi.EmbeddedOSGiGlassFishImpl@5560bcdf as OSGi service registration: org.apache.felix.framework.ServiceRegistrationImpl@b558294.]]

[2021-04-10T17:07:57.575+0300] [glassfish 5.0] [INFO] [] [org.jvnet.hk2.osgiadapter] [tid: _ThreadID=18 _ThreadName=FelixStartLevel] [timeMillis: 1618063677575] [levelValue: 800] [[
  Skipping registration of inhabitant for service reference [org.osgi.service.cm.ManagedService] as the service object could not be obtained.]]

[2021-04-10T17:07:57.577+0300] [glassfish 5.0] [INFO] [] [org.jvnet.hk2.osgiadapter] [tid: _ThreadID=18 _ThreadName=FelixStartLevel] [timeMillis: 1618063677577] [levelValue: 800] [[
  Skipping registration of inhabitant for service reference [org.osgi.service.metatype.MetaTypeProvider] as the service object could not be obtained.]]

[2021-04-10T17:07:58.003+0300] [glassfish 5.0] [INFO] [] [javax.enterprise.system.tools.deployment.common] [tid: _ThreadID=85 _ThreadName=Thread-23] [timeMillis: 1618063678003] [levelValue: 800] [[
  visiting unvisited references]]

[2021-04-10T17:07:58.735+0300] [glassfish 5.0] [INFO] [AS-WEB-GLUE-00198] [javax.enterprise.web] [tid: _ThreadID=85 _ThreadName=Thread-23] [timeMillis: 1618063678735] [levelValue: 800] [[
  Created HTTP listener http-listener-1 on host/port 0.0.0.0:8080]]

[2021-04-10T17:07:58.746+0300] [glassfish 5.0] [INFO] [AS-WEB-GLUE-00198] [javax.enterprise.web] [tid: _ThreadID=85 _ThreadName=Thread-23] [timeMillis: 1618063678746] [levelValue: 800] [[
  Created HTTP listener http-listener-2 on host/port 0.0.0.0:8181]]

[2021-04-10T17:07:58.749+0300] [glassfish 5.0] [INFO] [AS-WEB-GLUE-00198] [javax.enterprise.web] [tid: _ThreadID=85 _ThreadName=Thread-23] [timeMillis: 1618063678749] [levelValue: 800] [[
  Created HTTP listener admin-listener on host/port 0.0.0.0:4848]]

[2021-04-10T17:07:58.798+0300] [glassfish 5.0] [INFO] [AS-WEB-GLUE-00200] [javax.enterprise.web] [tid: _ThreadID=85 _ThreadName=Thread-23] [timeMillis: 1618063678798] [levelValue: 800] [[
  Created virtual server server]]

[2021-04-10T17:07:58.805+0300] [glassfish 5.0] [INFO] [AS-WEB-GLUE-00200] [javax.enterprise.web] [tid: _ThreadID=85 _ThreadName=Thread-23] [timeMillis: 1618063678805] [levelValue: 800] [[
  Created virtual server __asadmin]]

[2021-04-10T17:07:59.320+0300] [glassfish 5.0] [INFO] [AS-WEB-CORE-00306] [javax.enterprise.web.core] [tid: _ThreadID=85 _ThreadName=Thread-23] [timeMillis: 1618063679320] [levelValue: 800] [[
  Setting JAAS app name glassfish-web]]

[2021-04-10T17:07:59.322+0300] [glassfish 5.0] [INFO] [AS-WEB-GLUE-00201] [javax.enterprise.web] [tid: _ThreadID=85 _ThreadName=Thread-23] [timeMillis: 1618063679322] [levelValue: 800] [[
  Virtual server server loaded default web module ]]

[2021-04-10T17:08:00.296+0300] [glassfish 5.0] [INFO] [NCLS-SECURITY-01002] [javax.enterprise.system.core.security] [tid: _ThreadID=85 _ThreadName=Thread-23] [timeMillis: 1618063680296] [levelValue: 800] [[
  Java security manager is disabled.]]

[2021-04-10T17:08:00.296+0300] [glassfish 5.0] [INFO] [NCLS-SECURITY-01010] [javax.enterprise.system.core.security] [tid: _ThreadID=85 _ThreadName=Thread-23] [timeMillis: 1618063680296] [levelValue: 800] [[
  Entering Security Startup Service.]]

[2021-04-10T17:08:00.300+0300] [glassfish 5.0] [INFO] [NCLS-SECURITY-01143] [javax.enterprise.system.core.security] [tid: _ThreadID=85 _ThreadName=Thread-23] [timeMillis: 1618063680300] [levelValue: 800] [[
  Loading policy provider com.sun.enterprise.security.provider.PolicyWrapper.]]

[2021-04-10T17:08:00.354+0300] [glassfish 5.0] [INFO] [NCLS-SECURITY-01011] [javax.enterprise.system.core.security] [tid: _ThreadID=85 _ThreadName=Thread-23] [timeMillis: 1618063680354] [levelValue: 800] [[
  Security Service(s) started successfully.]]

[2021-04-10T17:08:00.703+0300] [glassfish 5.0] [INFO] [] [javax.enterprise.system.tools.deployment.common] [tid: _ThreadID=85 _ThreadName=Thread-23] [timeMillis: 1618063680703] [levelValue: 800] [[
  visiting unvisited references]]

[2021-04-10T17:08:00.725+0300] [glassfish 5.0] [INFO] [] [javax.enterprise.system.tools.deployment.common] [tid: _ThreadID=85 _ThreadName=Thread-23] [timeMillis: 1618063680725] [levelValue: 800] [[
  visiting unvisited references]]

[2021-04-10T17:08:00.727+0300] [glassfish 5.0] [INFO] [] [javax.enterprise.system.tools.deployment.common] [tid: _ThreadID=85 _ThreadName=Thread-23] [timeMillis: 1618063680727] [levelValue: 800] [[
  visiting unvisited references]]

[2021-04-10T17:08:02.208+0300] [glassfish 5.0] [INFO] [jsf.config.listener.version] [javax.enterprise.resource.webcontainer.jsf.config] [tid: _ThreadID=85 _ThreadName=Thread-23] [timeMillis: 1618063682208] [levelValue: 800] [[
  Initializing Mojarra 2.3.2 ( 20170627-2139 e63598abf2ed2bb1a24674f308a734e0dce18a72) for context '']]

[2021-04-10T17:08:04.221+0300] [glassfish 5.0] [INFO] [AS-WEB-GLUE-00172] [javax.enterprise.web] [tid: _ThreadID=85 _ThreadName=Thread-23] [timeMillis: 1618063684221] [levelValue: 800] [[
  Loading application [__admingui] at [/]]]

[2021-04-10T17:08:04.224+0300] [glassfish 5.0] [INFO] [NCLS-CORE-00022] [javax.enterprise.system.core] [tid: _ThreadID=85 _ThreadName=Thread-23] [timeMillis: 1618063684224] [levelValue: 800] [[
  Loading application __admingui done in 6,953 ms]]

[2021-04-10T17:08:07.379+0300] [glassfish 5.0] [WARNING] [] [javax.enterprise.system.container.web.com.sun.web.security] [tid: _ThreadID=50 _ThreadName=admin-listener(4)] [timeMillis: 1618063687379] [levelValue: 900] [[
  Context path from ServletContext:  differs from path from bundle: /]]

[2021-04-10T17:08:12.124+0300] [glassfish 5.0] [INFO] [] [org.glassfish.admingui] [tid: _ThreadID=48 _ThreadName=admin-listener(2)] [timeMillis: 1618063692124] [levelValue: 800] [[
  Redirecting to &#x2f;]]

[2021-04-10T17:08:12.334+0300] [glassfish 5.0] [INFO] [] [org.glassfish.admingui] [tid: _ThreadID=50 _ThreadName=admin-listener(4)] [timeMillis: 1618063692334] [levelValue: 800] [[
  Admin Console: Initializing Session Attributes...]]

[2021-04-10T17:10:33.441+0300] [glassfish 5.0] [INFO] [] [org.glassfish.admingui] [tid: _ThreadID=48 _ThreadName=admin-listener(2)] [timeMillis: 1618063833441] [levelValue: 800] [[
  GUI deployment: uploadToTempfile]]

[2021-04-10T17:10:33.460+0300] [glassfish 5.0] [INFO] [] [org.glassfish.admingui] [tid: _ThreadID=48 _ThreadName=admin-listener(2)] [timeMillis: 1618063833460] [levelValue: 800] [[
  deploy(): origPath is NULL]]

[2021-04-13T15:42:06.534+0300] [glassfish 5.0] [INFO] [] [org.glassfish.admingui] [tid: _ThreadID=51 _ThreadName=admin-listener(5)] [timeMillis: 1618317726534] [levelValue: 800] [[
  Redirecting to &#x2f;common&#x2f;index.jsf]]

[2021-04-13T15:42:06.665+0300] [glassfish 5.0] [INFO] [] [org.glassfish.admingui] [tid: _ThreadID=49 _ThreadName=admin-listener(3)] [timeMillis: 1618317726665] [levelValue: 800] [[
  Admin Console: Initializing Session Attributes...]]

[2021-04-13T15:42:48.414+0300] [glassfish 5.0] [INFO] [] [org.glassfish.admingui] [tid: _ThreadID=50 _ThreadName=admin-listener(4)] [timeMillis: 1618317768414] [levelValue: 800] [[
  GUI deployment: uploadToTempfile]]

[2021-04-13T15:42:48.416+0300] [glassfish 5.0] [INFO] [] [org.glassfish.admingui] [tid: _ThreadID=50 _ThreadName=admin-listener(4)] [timeMillis: 1618317768416] [levelValue: 800] [[
  deploy(): origPath is NULL]]

[2021-04-13T15:42:57.820+0300] [glassfish 5.0] [INFO] [] [org.glassfish.admingui] [tid: _ThreadID=49 _ThreadName=admin-listener(3)] [timeMillis: 1618317777820] [levelValue: 800] [[
  GUI deployment: uploadToTempfile]]

[2021-04-13T15:42:57.822+0300] [glassfish 5.0] [INFO] [] [org.glassfish.admingui] [tid: _ThreadID=49 _ThreadName=admin-listener(3)] [timeMillis: 1618317777822] [levelValue: 800] [[
  deploy(): origPath is NULL]]

[2021-04-13T15:45:58.815+0300] [glassfish 5.0] [INFO] [NCLS-REST-00001] [javax.enterprise.admin.rest] [tid: _ThreadID=174 _ThreadName=admin-listener(8)] [timeMillis: 1618317958815] [levelValue: 800] [[
  Listening to REST requests at context: /command/domain.]]

[2021-04-13T15:45:59.035+0300] [glassfish 5.0] [SEVERE] [] [javax.enterprise.system.core] [tid: _ThreadID=48 _ThreadName=admin-listener(2)] [timeMillis: 1618317959035] [levelValue: 1000] [[
  Archive type of /home/getsu/Data/WebPrac/cmcWebPrac/lib/app.jar was not recognized]]

[2021-04-18T11:59:04.573+0300] [] [INFO] [NCLS-GFLAUNCHER-00005] [javax.enterprise.launcher] [tid: _ThreadID=1 _ThreadName=main] [timeMillis: 1618736344573] [levelValue: 800] [[
  JVM invocation command line:
/usr/lib/jvm/java-8-openjdk-amd64/bin/java
-cp
/home/getsu/Data/WebPrac/cmcWebPrac/glassfish5/glassfish/modules/glassfish.jar
-XX:+UnlockDiagnosticVMOptions
-XX:NewRatio=2
-XX:MaxPermSize=192m
-Xmx512m
-client
-javaagent:/home/getsu/Data/WebPrac/cmcWebPrac/glassfish5/glassfish/lib/monitor/flashlight-agent.jar
-Djavax.xml.accessExternalSchema=all
-Djavax.net.ssl.trustStore=/home/getsu/Data/WebPrac/cmcWebPrac/glassfish5/glassfish/domains/domain1/config/cacerts.jks
-Djdk.tls.rejectClientInitiatedRenegotiation=true
-Djdk.corba.allowOutputStreamSubclass=true
-Dfelix.fileinstall.dir=/home/getsu/Data/WebPrac/cmcWebPrac/glassfish5/glassfish/modules/autostart/
-Dorg.glassfish.additionalOSGiBundlesToStart=org.apache.felix.shell,org.apache.felix.gogo.runtime,org.apache.felix.gogo.shell,org.apache.felix.gogo.command,org.apache.felix.shell.remote,org.apache.felix.fileinstall
-Dcom.sun.aas.installRoot=/home/getsu/Data/WebPrac/cmcWebPrac/glassfish5/glassfish
-Dfelix.fileinstall.poll=5000
-Djava.endorsed.dirs=/home/getsu/Data/WebPrac/cmcWebPrac/glassfish5/glassfish/modules/endorsed:/home/getsu/Data/WebPrac/cmcWebPrac/glassfish5/glassfish/lib/endorsed
-Djava.security.policy=/home/getsu/Data/WebPrac/cmcWebPrac/glassfish5/glassfish/domains/domain1/config/server.policy
-Dosgi.shell.telnet.maxconn=1
-Dfelix.fileinstall.bundles.startTransient=true
-Dcom.sun.enterprise.config.config_environment_factory_class=com.sun.enterprise.config.serverbeans.AppserverConfigEnvironmentFactory
-Dfelix.fileinstall.log.level=2
-Djavax.net.ssl.keyStore=/home/getsu/Data/WebPrac/cmcWebPrac/glassfish5/glassfish/domains/domain1/config/keystore.jks
-Djava.security.auth.login.config=/home/getsu/Data/WebPrac/cmcWebPrac/glassfish5/glassfish/domains/domain1/config/login.conf
-Dfelix.fileinstall.disableConfigSave=false
-Dfelix.fileinstall.bundles.new.start=true
-Dcom.sun.aas.instanceRoot=/home/getsu/Data/WebPrac/cmcWebPrac/glassfish5/glassfish/domains/domain1
-Dosgi.shell.telnet.port=6666
-Dgosh.args=--nointeractive
-Dcom.sun.enterprise.security.httpsOutboundKeyAlias=s1as
-Dosgi.shell.telnet.ip=127.0.0.1
-DANTLR_USE_DIRECT_CLASS_LOADING=true
-Djava.awt.headless=true
-Dcom.ctc.wstx.returnNullForDefaultNamespace=true
-Djava.ext.dirs=/usr/lib/jvm/java-8-openjdk-amd64/lib/ext:/usr/lib/jvm/java-8-openjdk-amd64/jre/lib/ext:/home/getsu/Data/WebPrac/cmcWebPrac/glassfish5/glassfish/domains/domain1/lib/ext
-Djdbc.drivers=org.apache.derby.jdbc.ClientDriver
-Djava.library.path=/home/getsu/Data/WebPrac/cmcWebPrac/glassfish5/glassfish/lib:/usr/java/packages/lib/amd64:/usr/lib/x86_64-linux-gnu/jni:/lib/x86_64-linux-gnu:/usr/lib/x86_64-linux-gnu:/usr/lib/jni:/lib:/usr/lib
com.sun.enterprise.glassfish.bootstrap.ASMain
-upgrade
false
-domaindir
/home/getsu/Data/WebPrac/cmcWebPrac/glassfish5/glassfish/domains/domain1
-read-stdin
true
-asadmin-args
--host,,,localhost,,,--port,,,4848,,,--secure=false,,,--terse=false,,,--echo=false,,,--interactive=false,,,start-domain,,,--verbose=false,,,--watchdog=false,,,--debug=false,,,--domaindir,,,/home/getsu/Data/WebPrac/cmcWebPrac/glassfish5/glassfish/domains,,,domain1
-domainname
domain1
-instancename
server
-type
DAS
-verbose
false
-asadmin-classpath
/home/getsu/Data/WebPrac/cmcWebPrac/glassfish5/glassfish/lib/client/appserver-cli.jar
-debug
false
-asadmin-classname
com.sun.enterprise.admin.cli.AdminMain]]

[2021-04-18T11:59:15.296+0300] [glassfish 5.0] [INFO] [NCLS-LOGGING-00009] [javax.enterprise.logging] [tid: _ThreadID=21 _ThreadName=RunLevelControllerThread-1618736354799] [timeMillis: 1618736355296] [levelValue: 800] [[
  Running GlassFish Version: GlassFish Server Open Source Edition  5.0.1  (build java_re-private)]]

[2021-04-18T11:59:15.301+0300] [glassfish 5.0] [INFO] [NCLS-LOGGING-00010] [javax.enterprise.logging] [tid: _ThreadID=21 _ThreadName=RunLevelControllerThread-1618736354799] [timeMillis: 1618736355301] [levelValue: 800] [[
  Server log file is using Formatter class: com.sun.enterprise.server.logging.ODLLogFormatter]]

[2021-04-18T11:59:16.847+0300] [glassfish 5.0] [INFO] [NCLS-SECURITY-01115] [javax.enterprise.system.core.security] [tid: _ThreadID=20 _ThreadName=RunLevelControllerThread-1618736354788] [timeMillis: 1618736356847] [levelValue: 800] [[
  Realm [admin-realm] of classtype [com.sun.enterprise.security.auth.realm.file.FileRealm] successfully created.]]

[2021-04-18T11:59:16.864+0300] [glassfish 5.0] [INFO] [NCLS-SECURITY-01115] [javax.enterprise.system.core.security] [tid: _ThreadID=20 _ThreadName=RunLevelControllerThread-1618736354788] [timeMillis: 1618736356864] [levelValue: 800] [[
  Realm [file] of classtype [com.sun.enterprise.security.auth.realm.file.FileRealm] successfully created.]]

[2021-04-18T11:59:16.875+0300] [glassfish 5.0] [INFO] [NCLS-SECURITY-01115] [javax.enterprise.system.core.security] [tid: _ThreadID=20 _ThreadName=RunLevelControllerThread-1618736354788] [timeMillis: 1618736356875] [levelValue: 800] [[
  Realm [certificate] of classtype [com.sun.enterprise.security.auth.realm.certificate.CertificateRealm] successfully created.]]

[2021-04-18T11:59:17.059+0300] [glassfish 5.0] [INFO] [] [org.glassfish.ha.store.spi.BackingStoreFactoryRegistry] [tid: _ThreadID=21 _ThreadName=RunLevelControllerThread-1618736354799] [timeMillis: 1618736357059] [levelValue: 800] [[
  Registered org.glassfish.ha.store.adapter.cache.ShoalBackingStoreProxy for persistence-type = replicated in BackingStoreFactoryRegistry]]

[2021-04-18T11:59:17.182+0300] [glassfish 5.0] [INFO] [SEC-SVCS-00100] [javax.enterprise.security.services] [tid: _ThreadID=20 _ThreadName=RunLevelControllerThread-1618736354788] [timeMillis: 1618736357182] [levelValue: 800] [[
  Authorization Service has successfully initialized.]]

[2021-04-18T11:59:17.524+0300] [glassfish 5.0] [INFO] [NCLS-CORE-00087] [javax.enterprise.system.core] [tid: _ThreadID=22 _ThreadName=RunLevelControllerThread-1618736354846] [timeMillis: 1618736357524] [levelValue: 800] [[
  Grizzly Framework 2.4.3 started in: 124ms - bound to [/0.0.0.0:8080]]]

[2021-04-18T11:59:17.708+0300] [glassfish 5.0] [INFO] [NCLS-CORE-00087] [javax.enterprise.system.core] [tid: _ThreadID=22 _ThreadName=RunLevelControllerThread-1618736354846] [timeMillis: 1618736357708] [levelValue: 800] [[
  Grizzly Framework 2.4.3 started in: 13ms - bound to [/0.0.0.0:8181]]]

[2021-04-18T11:59:17.781+0300] [glassfish 5.0] [INFO] [NCLS-CORE-00087] [javax.enterprise.system.core] [tid: _ThreadID=22 _ThreadName=RunLevelControllerThread-1618736354846] [timeMillis: 1618736357781] [levelValue: 800] [[
  Grizzly Framework 2.4.3 started in: 27ms - bound to [/0.0.0.0:4848]]]

[2021-04-18T11:59:17.945+0300] [glassfish 5.0] [INFO] [NCLS-CORE-00087] [javax.enterprise.system.core] [tid: _ThreadID=21 _ThreadName=RunLevelControllerThread-1618736354799] [timeMillis: 1618736357945] [levelValue: 800] [[
  Grizzly Framework 2.4.3 started in: 2ms - bound to [/0.0.0.0:3700]]]

[2021-04-18T11:59:17.953+0300] [glassfish 5.0] [INFO] [NCLS-CORE-00017] [javax.enterprise.system.core] [tid: _ThreadID=1 _ThreadName=main] [timeMillis: 1618736357953] [levelValue: 800] [[
  GlassFish Server Open Source Edition  5.0.1  (java_re-private) startup time : Felix (9,621ms), startup services(3,178ms), total(12,799ms)]]

[2021-04-18T11:59:18.693+0300] [glassfish 5.0] [INFO] [jts.startup_msg] [javax.enterprise.system.core.transaction.com.sun.jts.CosTransactions] [tid: _ThreadID=28 _ThreadName=RunLevelControllerThread-1618736355618] [timeMillis: 1618736358693] [levelValue: 800] [[
  JTS5014: Recoverable JTS instance, serverId = [100]]]

[2021-04-18T11:59:19.066+0300] [glassfish 5.0] [INFO] [NCLS-CORE-00087] [javax.enterprise.system.core] [tid: _ThreadID=21 _ThreadName=RunLevelControllerThread-1618736354799] [timeMillis: 1618736359066] [levelValue: 800] [[
  Grizzly Framework 2.4.3 started in: 4ms - bound to [/0.0.0.0:7676]]]

[2021-04-18T11:59:19.082+0300] [glassfish 5.0] [INFO] [NCLS-BOOTSTRAP-00027] [javax.enterprise.bootstrap] [tid: _ThreadID=1 _ThreadName=main] [timeMillis: 1618736359082] [levelValue: 800] [[
  Registered com.sun.enterprise.glassfish.bootstrap.osgi.EmbeddedOSGiGlassFishImpl@5560bcdf as OSGi service registration: org.apache.felix.framework.ServiceRegistrationImpl@b558294.]]

[2021-04-18T11:59:19.370+0300] [glassfish 5.0] [INFO] [NCLS-JMX-00005] [javax.enterprise.system.jmx] [tid: _ThreadID=58 _ThreadName=Thread-16] [timeMillis: 1618736359370] [levelValue: 800] [[
  JMXStartupService has started JMXConnector on JMXService URL service:jmx:rmi://dragon:8686/jndi/rmi://dragon:8686/jmxrmi]]

[2021-04-18T11:59:19.596+0300] [glassfish 5.0] [INFO] [] [org.jvnet.hk2.osgiadapter] [tid: _ThreadID=18 _ThreadName=FelixStartLevel] [timeMillis: 1618736359596] [levelValue: 800] [[
  Skipping registration of inhabitant for service reference [org.osgi.service.cm.ManagedService] as the service object could not be obtained.]]

[2021-04-18T11:59:19.599+0300] [glassfish 5.0] [INFO] [] [org.jvnet.hk2.osgiadapter] [tid: _ThreadID=18 _ThreadName=FelixStartLevel] [timeMillis: 1618736359599] [levelValue: 800] [[
  Skipping registration of inhabitant for service reference [org.osgi.service.metatype.MetaTypeProvider] as the service object could not be obtained.]]

[2021-04-18T11:59:21.422+0300] [glassfish 5.0] [INFO] [] [org.hibernate.validator.internal.util.Version] [tid: _ThreadID=46 _ThreadName=admin-listener(1)] [timeMillis: 1618736361422] [levelValue: 800] [[
  HV000001: Hibernate Validator 6.0.10.Final]]

[2021-04-18T11:59:24.909+0300] [glassfish 5.0] [INFO] [NCLS-CORE-00087] [javax.enterprise.system.core] [tid: _ThreadID=83 _ThreadName=pool-12-thread-1] [timeMillis: 1618736364909] [levelValue: 800] [[
  Grizzly Framework 2.4.3 started in: 39ms - bound to [/0.0.0.0:8080]]]

[2021-04-18T11:59:25.037+0300] [glassfish 5.0] [INFO] [NCLS-CORE-00087] [javax.enterprise.system.core] [tid: _ThreadID=83 _ThreadName=pool-12-thread-1] [timeMillis: 1618736365037] [levelValue: 800] [[
  Grizzly Framework 2.4.3 started in: 27ms - bound to [/0.0.0.0:8181]]]

[2021-04-18T11:59:29.248+0300] [glassfish 5.0] [INFO] [] [javax.enterprise.system.tools.deployment.common] [tid: _ThreadID=119 _ThreadName=Thread-32] [timeMillis: 1618736369248] [levelValue: 800] [[
  visiting unvisited references]]

[2021-04-18T11:59:33.326+0300] [glassfish 5.0] [INFO] [AS-WEB-GLUE-00198] [javax.enterprise.web] [tid: _ThreadID=119 _ThreadName=Thread-32] [timeMillis: 1618736373326] [levelValue: 800] [[
  Created HTTP listener http-listener-1 on host/port 0.0.0.0:8080]]

[2021-04-18T11:59:33.333+0300] [glassfish 5.0] [INFO] [AS-WEB-GLUE-00198] [javax.enterprise.web] [tid: _ThreadID=119 _ThreadName=Thread-32] [timeMillis: 1618736373333] [levelValue: 800] [[
  Created HTTP listener http-listener-2 on host/port 0.0.0.0:8181]]

[2021-04-18T11:59:33.336+0300] [glassfish 5.0] [INFO] [AS-WEB-GLUE-00198] [javax.enterprise.web] [tid: _ThreadID=119 _ThreadName=Thread-32] [timeMillis: 1618736373336] [levelValue: 800] [[
  Created HTTP listener admin-listener on host/port 0.0.0.0:4848]]

[2021-04-18T11:59:33.515+0300] [glassfish 5.0] [INFO] [AS-WEB-GLUE-00200] [javax.enterprise.web] [tid: _ThreadID=119 _ThreadName=Thread-32] [timeMillis: 1618736373515] [levelValue: 800] [[
  Created virtual server server]]

[2021-04-18T11:59:33.557+0300] [glassfish 5.0] [INFO] [AS-WEB-GLUE-00200] [javax.enterprise.web] [tid: _ThreadID=119 _ThreadName=Thread-32] [timeMillis: 1618736373557] [levelValue: 800] [[
  Created virtual server __asadmin]]

[2021-04-18T11:59:35.068+0300] [glassfish 5.0] [INFO] [AS-WEB-CORE-00306] [javax.enterprise.web.core] [tid: _ThreadID=119 _ThreadName=Thread-32] [timeMillis: 1618736375068] [levelValue: 800] [[
  Setting JAAS app name glassfish-web]]

[2021-04-18T11:59:35.069+0300] [glassfish 5.0] [INFO] [AS-WEB-GLUE-00201] [javax.enterprise.web] [tid: _ThreadID=119 _ThreadName=Thread-32] [timeMillis: 1618736375069] [levelValue: 800] [[
  Virtual server server loaded default web module ]]

[2021-04-18T11:59:36.392+0300] [glassfish 5.0] [INFO] [NCLS-SECURITY-01002] [javax.enterprise.system.core.security] [tid: _ThreadID=119 _ThreadName=Thread-32] [timeMillis: 1618736376392] [levelValue: 800] [[
  Java security manager is disabled.]]

[2021-04-18T11:59:36.397+0300] [glassfish 5.0] [INFO] [NCLS-SECURITY-01010] [javax.enterprise.system.core.security] [tid: _ThreadID=119 _ThreadName=Thread-32] [timeMillis: 1618736376397] [levelValue: 800] [[
  Entering Security Startup Service.]]

[2021-04-18T11:59:36.411+0300] [glassfish 5.0] [INFO] [NCLS-SECURITY-01143] [javax.enterprise.system.core.security] [tid: _ThreadID=119 _ThreadName=Thread-32] [timeMillis: 1618736376411] [levelValue: 800] [[
  Loading policy provider com.sun.enterprise.security.provider.PolicyWrapper.]]

[2021-04-18T11:59:36.680+0300] [glassfish 5.0] [INFO] [NCLS-SECURITY-01011] [javax.enterprise.system.core.security] [tid: _ThreadID=119 _ThreadName=Thread-32] [timeMillis: 1618736376680] [levelValue: 800] [[
  Security Service(s) started successfully.]]

[2021-04-18T11:59:39.617+0300] [glassfish 5.0] [INFO] [] [javax.enterprise.system.tools.deployment.common] [tid: _ThreadID=119 _ThreadName=Thread-32] [timeMillis: 1618736379617] [levelValue: 800] [[
  visiting unvisited references]]

[2021-04-18T11:59:39.724+0300] [glassfish 5.0] [INFO] [] [javax.enterprise.system.tools.deployment.common] [tid: _ThreadID=119 _ThreadName=Thread-32] [timeMillis: 1618736379724] [levelValue: 800] [[
  visiting unvisited references]]

[2021-04-18T11:59:39.726+0300] [glassfish 5.0] [INFO] [] [javax.enterprise.system.tools.deployment.common] [tid: _ThreadID=119 _ThreadName=Thread-32] [timeMillis: 1618736379726] [levelValue: 800] [[
  visiting unvisited references]]

[2021-04-18T11:59:41.813+0300] [glassfish 5.0] [INFO] [NCLS-REST-00001] [javax.enterprise.admin.rest] [tid: _ThreadID=49 _ThreadName=admin-listener(4)] [timeMillis: 1618736381813] [levelValue: 800] [[
  Listening to REST requests at context: /management/domain.]]

[2021-04-18T11:59:43.376+0300] [glassfish 5.0] [INFO] [jsf.config.listener.version] [javax.enterprise.resource.webcontainer.jsf.config] [tid: _ThreadID=119 _ThreadName=Thread-32] [timeMillis: 1618736383376] [levelValue: 800] [[
  Initializing Mojarra 2.3.2 ( 20170627-2139 e63598abf2ed2bb1a24674f308a734e0dce18a72) for context '']]

[2021-04-18T11:59:47.941+0300] [glassfish 5.0] [INFO] [AS-WEB-GLUE-00172] [javax.enterprise.web] [tid: _ThreadID=119 _ThreadName=Thread-32] [timeMillis: 1618736387941] [levelValue: 800] [[
  Loading application [__admingui] at [/]]]

[2021-04-18T11:59:47.944+0300] [glassfish 5.0] [INFO] [NCLS-CORE-00022] [javax.enterprise.system.core] [tid: _ThreadID=119 _ThreadName=Thread-32] [timeMillis: 1618736387944] [levelValue: 800] [[
  Loading application __admingui done in 21,223 ms]]

[2021-04-18T11:59:49.163+0300] [glassfish 5.0] [WARNING] [] [javax.enterprise.system.container.web.com.sun.web.security] [tid: _ThreadID=50 _ThreadName=admin-listener(5)] [timeMillis: 1618736389163] [levelValue: 900] [[
  Context path from ServletContext:  differs from path from bundle: /]]

[2021-04-18T11:59:57.287+0300] [glassfish 5.0] [INFO] [] [org.glassfish.admingui] [tid: _ThreadID=49 _ThreadName=admin-listener(4)] [timeMillis: 1618736397287] [levelValue: 800] [[
  Redirecting to &#x2f;common&#x2f;index.jsf]]

[2021-04-18T11:59:57.763+0300] [glassfish 5.0] [INFO] [] [org.glassfish.admingui] [tid: _ThreadID=47 _ThreadName=admin-listener(2)] [timeMillis: 1618736397763] [levelValue: 800] [[
  Admin Console: Initializing Session Attributes...]]

[2021-04-18T13:31:18.391+0300] [glassfish 5.0] [INFO] [NCLS-REST-00001] [javax.enterprise.admin.rest] [tid: _ThreadID=48 _ThreadName=admin-listener(3)] [timeMillis: 1618741878391] [levelValue: 800] [[
  Listening to REST requests at context: /command/domain.]]

[2021-04-18T13:31:18.486+0300] [glassfish 5.0] [INFO] [NCLS-CORE-00092] [javax.enterprise.system.core] [tid: _ThreadID=153 _ThreadName=Thread-49] [timeMillis: 1618741878486] [levelValue: 800] [[
  Server shutdown initiated]]

[2021-04-18T13:31:18.511+0300] [glassfish 5.0] [INFO] [NCLS-BOOTSTRAP-00028] [javax.enterprise.bootstrap] [tid: _ThreadID=153 _ThreadName=Thread-49] [timeMillis: 1618741878511] [levelValue: 800] [[
  Unregistered com.sun.enterprise.glassfish.bootstrap.osgi.EmbeddedOSGiGlassFishImpl@5560bcdf from service registry.]]

[2021-04-18T13:31:18.518+0300] [glassfish 5.0] [INFO] [] [] [tid: _ThreadID=153 _ThreadName=Thread-8] [timeMillis: 1618741878518] [levelValue: 800] [[
  FileMonitoring shutdown]]

[2021-04-18T13:31:18.526+0300] [glassfish 5.0] [INFO] [NCLS-JMX-00002] [javax.enterprise.system.jmx] [tid: _ThreadID=153 _ThreadName=Thread-49] [timeMillis: 1618741878526] [levelValue: 800] [[
  JMXStartupService: Stopped JMXConnectorServer: null]]

[2021-04-18T13:31:18.530+0300] [glassfish 5.0] [INFO] [NCLS-JMX-00001] [javax.enterprise.system.jmx] [tid: _ThreadID=153 _ThreadName=Thread-49] [timeMillis: 1618741878530] [levelValue: 800] [[
  JMXStartupService and JMXConnectors have been shut down.]]

[2021-04-18T13:31:18.972+0300] [glassfish 5.0] [INFO] [] [] [tid: _ThreadID=162 _ThreadName=Thread-8] [timeMillis: 1618741878972] [levelValue: 800] [[
  JdbcRuntimeExtension,  getAllSystemRAResourcesAndPools = [GlassFishConfigBean.org.glassfish.jdbc.config.JdbcResource, GlassFishConfigBean.org.glassfish.jdbc.config.JdbcResource, GlassFishConfigBean.org.glassfish.jdbc.config.JdbcConnectionPool, GlassFishConfigBean.org.glassfish.jdbc.config.JdbcConnectionPool]]]

[2021-04-18T13:33:02.134+0300] [] [INFO] [NCLS-GFLAUNCHER-00005] [javax.enterprise.launcher] [tid: _ThreadID=1 _ThreadName=main] [timeMillis: 1618741982134] [levelValue: 800] [[
  JVM invocation command line:
/usr/lib/jvm/java-8-openjdk-amd64/bin/java
-cp
/home/getsu/Data/WebPrac/cmcWebPrac/glassfish5/glassfish/modules/glassfish.jar
-XX:+UnlockDiagnosticVMOptions
-XX:NewRatio=2
-XX:MaxPermSize=192m
-Xmx512m
-client
-javaagent:/home/getsu/Data/WebPrac/cmcWebPrac/glassfish5/glassfish/lib/monitor/flashlight-agent.jar
-Djavax.xml.accessExternalSchema=all
-Djavax.net.ssl.trustStore=/home/getsu/Data/WebPrac/cmcWebPrac/glassfish5/glassfish/domains/domain1/config/cacerts.jks
-Djdk.tls.rejectClientInitiatedRenegotiation=true
-Djdk.corba.allowOutputStreamSubclass=true
-Dfelix.fileinstall.dir=/home/getsu/Data/WebPrac/cmcWebPrac/glassfish5/glassfish/modules/autostart/
-Dorg.glassfish.additionalOSGiBundlesToStart=org.apache.felix.shell,org.apache.felix.gogo.runtime,org.apache.felix.gogo.shell,org.apache.felix.gogo.command,org.apache.felix.shell.remote,org.apache.felix.fileinstall
-Dcom.sun.aas.installRoot=/home/getsu/Data/WebPrac/cmcWebPrac/glassfish5/glassfish
-Dfelix.fileinstall.poll=5000
-Djava.endorsed.dirs=/home/getsu/Data/WebPrac/cmcWebPrac/glassfish5/glassfish/modules/endorsed:/home/getsu/Data/WebPrac/cmcWebPrac/glassfish5/glassfish/lib/endorsed
-Djava.security.policy=/home/getsu/Data/WebPrac/cmcWebPrac/glassfish5/glassfish/domains/domain1/config/server.policy
-Dosgi.shell.telnet.maxconn=1
-Dfelix.fileinstall.bundles.startTransient=true
-Dcom.sun.enterprise.config.config_environment_factory_class=com.sun.enterprise.config.serverbeans.AppserverConfigEnvironmentFactory
-Dfelix.fileinstall.log.level=2
-Djavax.net.ssl.keyStore=/home/getsu/Data/WebPrac/cmcWebPrac/glassfish5/glassfish/domains/domain1/config/keystore.jks
-Djava.security.auth.login.config=/home/getsu/Data/WebPrac/cmcWebPrac/glassfish5/glassfish/domains/domain1/config/login.conf
-Dfelix.fileinstall.disableConfigSave=false
-Dfelix.fileinstall.bundles.new.start=true
-Dcom.sun.aas.instanceRoot=/home/getsu/Data/WebPrac/cmcWebPrac/glassfish5/glassfish/domains/domain1
-Dosgi.shell.telnet.port=6666
-Dgosh.args=--nointeractive
-Dcom.sun.enterprise.security.httpsOutboundKeyAlias=s1as
-Dosgi.shell.telnet.ip=127.0.0.1
-DANTLR_USE_DIRECT_CLASS_LOADING=true
-Djava.awt.headless=true
-Dcom.ctc.wstx.returnNullForDefaultNamespace=true
-Djava.ext.dirs=/usr/lib/jvm/java-8-openjdk-amd64/lib/ext:/usr/lib/jvm/java-8-openjdk-amd64/jre/lib/ext:/home/getsu/Data/WebPrac/cmcWebPrac/glassfish5/glassfish/domains/domain1/lib/ext
-Djdbc.drivers=org.apache.derby.jdbc.ClientDriver
-Djava.library.path=/home/getsu/Data/WebPrac/cmcWebPrac/glassfish5/glassfish/lib:/usr/java/packages/lib/amd64:/usr/lib/x86_64-linux-gnu/jni:/lib/x86_64-linux-gnu:/usr/lib/x86_64-linux-gnu:/usr/lib/jni:/lib:/usr/lib
com.sun.enterprise.glassfish.bootstrap.ASMain
-upgrade
false
-domaindir
/home/getsu/Data/WebPrac/cmcWebPrac/glassfish5/glassfish/domains/domain1
-read-stdin
true
-asadmin-args
--host,,,localhost,,,--port,,,4848,,,--secure=false,,,--terse=false,,,--echo=false,,,--interactive=false,,,start-domain,,,--verbose=false,,,--watchdog=false,,,--debug=false,,,--domaindir,,,/home/getsu/Data/WebPrac/cmcWebPrac/glassfish5/glassfish/domains,,,domain1
-domainname
domain1
-instancename
server
-type
DAS
-verbose
false
-asadmin-classpath
/home/getsu/Data/WebPrac/cmcWebPrac/glassfish5/glassfish/lib/client/appserver-cli.jar
-debug
false
-asadmin-classname
com.sun.enterprise.admin.cli.AdminMain]]

[2021-04-18T13:33:07.141+0300] [glassfish 5.0] [INFO] [NCLS-LOGGING-00009] [javax.enterprise.logging] [tid: _ThreadID=21 _ThreadName=RunLevelControllerThread-1618741986882] [timeMillis: 1618741987141] [levelValue: 800] [[
  Running GlassFish Version: GlassFish Server Open Source Edition  5.0.1  (build java_re-private)]]

[2021-04-18T13:33:07.145+0300] [glassfish 5.0] [INFO] [NCLS-LOGGING-00010] [javax.enterprise.logging] [tid: _ThreadID=21 _ThreadName=RunLevelControllerThread-1618741986882] [timeMillis: 1618741987145] [levelValue: 800] [[
  Server log file is using Formatter class: com.sun.enterprise.server.logging.ODLLogFormatter]]

[2021-04-18T13:33:07.893+0300] [glassfish 5.0] [INFO] [NCLS-SECURITY-01115] [javax.enterprise.system.core.security] [tid: _ThreadID=20 _ThreadName=RunLevelControllerThread-1618741986880] [timeMillis: 1618741987893] [levelValue: 800] [[
  Realm [admin-realm] of classtype [com.sun.enterprise.security.auth.realm.file.FileRealm] successfully created.]]

[2021-04-18T13:33:07.919+0300] [glassfish 5.0] [INFO] [NCLS-SECURITY-01115] [javax.enterprise.system.core.security] [tid: _ThreadID=20 _ThreadName=RunLevelControllerThread-1618741986880] [timeMillis: 1618741987919] [levelValue: 800] [[
  Realm [file] of classtype [com.sun.enterprise.security.auth.realm.file.FileRealm] successfully created.]]

[2021-04-18T13:33:07.924+0300] [glassfish 5.0] [INFO] [NCLS-SECURITY-01115] [javax.enterprise.system.core.security] [tid: _ThreadID=20 _ThreadName=RunLevelControllerThread-1618741986880] [timeMillis: 1618741987924] [levelValue: 800] [[
  Realm [certificate] of classtype [com.sun.enterprise.security.auth.realm.certificate.CertificateRealm] successfully created.]]

[2021-04-18T13:33:07.968+0300] [glassfish 5.0] [INFO] [] [org.glassfish.ha.store.spi.BackingStoreFactoryRegistry] [tid: _ThreadID=21 _ThreadName=RunLevelControllerThread-1618741986882] [timeMillis: 1618741987968] [levelValue: 800] [[
  Registered org.glassfish.ha.store.adapter.cache.ShoalBackingStoreProxy for persistence-type = replicated in BackingStoreFactoryRegistry]]

[2021-04-18T13:33:08.042+0300] [glassfish 5.0] [INFO] [SEC-SVCS-00100] [javax.enterprise.security.services] [tid: _ThreadID=20 _ThreadName=RunLevelControllerThread-1618741986880] [timeMillis: 1618741988042] [levelValue: 800] [[
  Authorization Service has successfully initialized.]]

[2021-04-18T13:33:08.203+0300] [glassfish 5.0] [INFO] [NCLS-CORE-00087] [javax.enterprise.system.core] [tid: _ThreadID=22 _ThreadName=RunLevelControllerThread-1618741986896] [timeMillis: 1618741988203] [levelValue: 800] [[
  Grizzly Framework 2.4.3 started in: 40ms - bound to [/0.0.0.0:8080]]]

[2021-04-18T13:33:08.245+0300] [glassfish 5.0] [INFO] [NCLS-CORE-00087] [javax.enterprise.system.core] [tid: _ThreadID=22 _ThreadName=RunLevelControllerThread-1618741986896] [timeMillis: 1618741988245] [levelValue: 800] [[
  Grizzly Framework 2.4.3 started in: 3ms - bound to [/0.0.0.0:8181]]]

[2021-04-18T13:33:08.261+0300] [glassfish 5.0] [INFO] [NCLS-CORE-00087] [javax.enterprise.system.core] [tid: _ThreadID=22 _ThreadName=RunLevelControllerThread-1618741986896] [timeMillis: 1618741988261] [levelValue: 800] [[
  Grizzly Framework 2.4.3 started in: 1ms - bound to [/0.0.0.0:4848]]]

[2021-04-18T13:33:08.330+0300] [glassfish 5.0] [INFO] [NCLS-CORE-00087] [javax.enterprise.system.core] [tid: _ThreadID=21 _ThreadName=RunLevelControllerThread-1618741986882] [timeMillis: 1618741988330] [levelValue: 800] [[
  Grizzly Framework 2.4.3 started in: 1ms - bound to [/0.0.0.0:3700]]]

[2021-04-18T13:33:08.331+0300] [glassfish 5.0] [INFO] [NCLS-CORE-00017] [javax.enterprise.system.core] [tid: _ThreadID=1 _ThreadName=main] [timeMillis: 1618741988331] [levelValue: 800] [[
  GlassFish Server Open Source Edition  5.0.1  (java_re-private) startup time : Felix (4,427ms), startup services(1,462ms), total(5,889ms)]]

[2021-04-18T13:33:08.570+0300] [glassfish 5.0] [INFO] [jts.startup_msg] [javax.enterprise.system.core.transaction.com.sun.jts.CosTransactions] [tid: _ThreadID=22 _ThreadName=RunLevelControllerThread-1618741986896] [timeMillis: 1618741988570] [levelValue: 800] [[
  JTS5014: Recoverable JTS instance, serverId = [100]]]

[2021-04-18T13:33:08.800+0300] [glassfish 5.0] [INFO] [NCLS-CORE-00087] [javax.enterprise.system.core] [tid: _ThreadID=23 _ThreadName=RunLevelControllerThread-1618741986896] [timeMillis: 1618741988800] [levelValue: 800] [[
  Grizzly Framework 2.4.3 started in: 7ms - bound to [/0.0.0.0:7676]]]

[2021-04-18T13:33:08.841+0300] [glassfish 5.0] [INFO] [NCLS-JMX-00005] [javax.enterprise.system.jmx] [tid: _ThreadID=56 _ThreadName=Thread-12] [timeMillis: 1618741988841] [levelValue: 800] [[
  JMXStartupService has started JMXConnector on JMXService URL service:jmx:rmi://dragon:8686/jndi/rmi://dragon:8686/jmxrmi]]

[2021-04-18T13:33:10.262+0300] [glassfish 5.0] [INFO] [] [org.hibernate.validator.internal.util.Version] [tid: _ThreadID=47 _ThreadName=admin-listener(1)] [timeMillis: 1618741990262] [levelValue: 800] [[
  HV000001: Hibernate Validator 6.0.10.Final]]

[2021-04-18T13:33:13.200+0300] [glassfish 5.0] [INFO] [NCLS-REST-00001] [javax.enterprise.admin.rest] [tid: _ThreadID=47 _ThreadName=admin-listener(1)] [timeMillis: 1618741993200] [levelValue: 800] [[
  Listening to REST requests at context: /management/domain.]]

[2021-04-18T13:33:13.418+0300] [glassfish 5.0] [INFO] [NCLS-BOOTSTRAP-00027] [javax.enterprise.bootstrap] [tid: _ThreadID=1 _ThreadName=main] [timeMillis: 1618741993418] [levelValue: 800] [[
  Registered com.sun.enterprise.glassfish.bootstrap.osgi.EmbeddedOSGiGlassFishImpl@27aae97b as OSGi service registration: org.apache.felix.framework.ServiceRegistrationImpl@4c9e38.]]

[2021-04-18T13:33:13.634+0300] [glassfish 5.0] [INFO] [] [org.jvnet.hk2.osgiadapter] [tid: _ThreadID=18 _ThreadName=FelixStartLevel] [timeMillis: 1618741993634] [levelValue: 800] [[
  Skipping registration of inhabitant for service reference [org.osgi.service.cm.ManagedService] as the service object could not be obtained.]]

[2021-04-18T13:33:13.636+0300] [glassfish 5.0] [INFO] [] [org.jvnet.hk2.osgiadapter] [tid: _ThreadID=18 _ThreadName=FelixStartLevel] [timeMillis: 1618741993636] [levelValue: 800] [[
  Skipping registration of inhabitant for service reference [org.osgi.service.metatype.MetaTypeProvider] as the service object could not be obtained.]]

[2021-04-18T13:33:13.985+0300] [glassfish 5.0] [INFO] [] [javax.enterprise.system.tools.deployment.common] [tid: _ThreadID=86 _ThreadName=Thread-22] [timeMillis: 1618741993985] [levelValue: 800] [[
  visiting unvisited references]]

[2021-04-18T13:33:14.596+0300] [glassfish 5.0] [INFO] [AS-WEB-GLUE-00198] [javax.enterprise.web] [tid: _ThreadID=86 _ThreadName=Thread-22] [timeMillis: 1618741994596] [levelValue: 800] [[
  Created HTTP listener http-listener-1 on host/port 0.0.0.0:8080]]

[2021-04-18T13:33:14.606+0300] [glassfish 5.0] [INFO] [AS-WEB-GLUE-00198] [javax.enterprise.web] [tid: _ThreadID=86 _ThreadName=Thread-22] [timeMillis: 1618741994606] [levelValue: 800] [[
  Created HTTP listener http-listener-2 on host/port 0.0.0.0:8181]]

[2021-04-18T13:33:14.610+0300] [glassfish 5.0] [INFO] [AS-WEB-GLUE-00198] [javax.enterprise.web] [tid: _ThreadID=86 _ThreadName=Thread-22] [timeMillis: 1618741994610] [levelValue: 800] [[
  Created HTTP listener admin-listener on host/port 0.0.0.0:4848]]

[2021-04-18T13:33:14.644+0300] [glassfish 5.0] [INFO] [AS-WEB-GLUE-00200] [javax.enterprise.web] [tid: _ThreadID=86 _ThreadName=Thread-22] [timeMillis: 1618741994644] [levelValue: 800] [[
  Created virtual server server]]

[2021-04-18T13:33:14.648+0300] [glassfish 5.0] [INFO] [AS-WEB-GLUE-00200] [javax.enterprise.web] [tid: _ThreadID=86 _ThreadName=Thread-22] [timeMillis: 1618741994648] [levelValue: 800] [[
  Created virtual server __asadmin]]

[2021-04-18T13:33:15.026+0300] [glassfish 5.0] [INFO] [AS-WEB-CORE-00306] [javax.enterprise.web.core] [tid: _ThreadID=86 _ThreadName=Thread-22] [timeMillis: 1618741995026] [levelValue: 800] [[
  Setting JAAS app name glassfish-web]]

[2021-04-18T13:33:15.031+0300] [glassfish 5.0] [INFO] [AS-WEB-GLUE-00201] [javax.enterprise.web] [tid: _ThreadID=86 _ThreadName=Thread-22] [timeMillis: 1618741995031] [levelValue: 800] [[
  Virtual server server loaded default web module ]]

[2021-04-18T13:33:16.182+0300] [glassfish 5.0] [INFO] [NCLS-SECURITY-01002] [javax.enterprise.system.core.security] [tid: _ThreadID=86 _ThreadName=Thread-22] [timeMillis: 1618741996182] [levelValue: 800] [[
  Java security manager is disabled.]]

[2021-04-18T13:33:16.182+0300] [glassfish 5.0] [INFO] [NCLS-SECURITY-01010] [javax.enterprise.system.core.security] [tid: _ThreadID=86 _ThreadName=Thread-22] [timeMillis: 1618741996182] [levelValue: 800] [[
  Entering Security Startup Service.]]

[2021-04-18T13:33:16.186+0300] [glassfish 5.0] [INFO] [NCLS-SECURITY-01143] [javax.enterprise.system.core.security] [tid: _ThreadID=86 _ThreadName=Thread-22] [timeMillis: 1618741996186] [levelValue: 800] [[
  Loading policy provider com.sun.enterprise.security.provider.PolicyWrapper.]]

[2021-04-18T13:33:16.255+0300] [glassfish 5.0] [INFO] [NCLS-SECURITY-01011] [javax.enterprise.system.core.security] [tid: _ThreadID=86 _ThreadName=Thread-22] [timeMillis: 1618741996255] [levelValue: 800] [[
  Security Service(s) started successfully.]]

[2021-04-18T13:33:16.753+0300] [glassfish 5.0] [INFO] [] [javax.enterprise.system.tools.deployment.common] [tid: _ThreadID=86 _ThreadName=Thread-22] [timeMillis: 1618741996753] [levelValue: 800] [[
  visiting unvisited references]]

[2021-04-18T13:33:16.777+0300] [glassfish 5.0] [INFO] [] [javax.enterprise.system.tools.deployment.common] [tid: _ThreadID=86 _ThreadName=Thread-22] [timeMillis: 1618741996777] [levelValue: 800] [[
  visiting unvisited references]]

[2021-04-18T13:33:16.779+0300] [glassfish 5.0] [INFO] [] [javax.enterprise.system.tools.deployment.common] [tid: _ThreadID=86 _ThreadName=Thread-22] [timeMillis: 1618741996779] [levelValue: 800] [[
  visiting unvisited references]]

[2021-04-18T13:33:19.434+0300] [glassfish 5.0] [INFO] [jsf.config.listener.version] [javax.enterprise.resource.webcontainer.jsf.config] [tid: _ThreadID=86 _ThreadName=Thread-22] [timeMillis: 1618741999434] [levelValue: 800] [[
  Initializing Mojarra 2.3.2 ( 20170627-2139 e63598abf2ed2bb1a24674f308a734e0dce18a72) for context '']]

[2021-04-18T13:33:21.712+0300] [glassfish 5.0] [INFO] [AS-WEB-GLUE-00172] [javax.enterprise.web] [tid: _ThreadID=86 _ThreadName=Thread-22] [timeMillis: 1618742001712] [levelValue: 800] [[
  Loading application [__admingui] at [/]]]

[2021-04-18T13:33:21.720+0300] [glassfish 5.0] [INFO] [NCLS-CORE-00022] [javax.enterprise.system.core] [tid: _ThreadID=86 _ThreadName=Thread-22] [timeMillis: 1618742001720] [levelValue: 800] [[
  Loading application __admingui done in 8,289 ms]]

[2021-04-18T13:33:23.310+0300] [glassfish 5.0] [WARNING] [] [javax.enterprise.system.container.web.com.sun.web.security] [tid: _ThreadID=50 _ThreadName=admin-listener(4)] [timeMillis: 1618742003310] [levelValue: 900] [[
  Context path from ServletContext:  differs from path from bundle: /]]

[2021-04-18T13:33:28.177+0300] [glassfish 5.0] [INFO] [] [com.sun.jsftemplating] [tid: _ThreadID=47 _ThreadName=admin-listener(1)] [timeMillis: 1618742008177] [levelValue: 800] [[
  JSFT0004: The requested resource (/community-theme/images/login-backimage-open.png) is not available.]]

[2021-04-18T13:33:28.613+0300] [glassfish 5.0] [INFO] [] [org.glassfish.admingui] [tid: _ThreadID=47 _ThreadName=admin-listener(1)] [timeMillis: 1618742008613] [levelValue: 800] [[
  Redirecting to &#x2f;common&#x2f;index.jsf]]

[2021-04-18T13:33:28.852+0300] [glassfish 5.0] [INFO] [] [org.glassfish.admingui] [tid: _ThreadID=120 _ThreadName=admin-listener(6)] [timeMillis: 1618742008852] [levelValue: 800] [[
  Admin Console: Initializing Session Attributes...]]

[2021-04-18T18:53:20.107+0300] [glassfish 5.0] [INFO] [NCLS-REST-00001] [javax.enterprise.admin.rest] [tid: _ThreadID=48 _ThreadName=admin-listener(2)] [timeMillis: 1618761200107] [levelValue: 800] [[
  Listening to REST requests at context: /command/domain.]]

[2021-04-18T18:53:20.221+0300] [glassfish 5.0] [INFO] [NCLS-CORE-00092] [javax.enterprise.system.core] [tid: _ThreadID=179 _ThreadName=Thread-48] [timeMillis: 1618761200221] [levelValue: 800] [[
  Server shutdown initiated]]

[2021-04-18T18:53:20.282+0300] [glassfish 5.0] [INFO] [NCLS-BOOTSTRAP-00028] [javax.enterprise.bootstrap] [tid: _ThreadID=179 _ThreadName=Thread-48] [timeMillis: 1618761200282] [levelValue: 800] [[
  Unregistered com.sun.enterprise.glassfish.bootstrap.osgi.EmbeddedOSGiGlassFishImpl@27aae97b from service registry.]]

[2021-04-18T18:53:20.294+0300] [glassfish 5.0] [INFO] [] [] [tid: _ThreadID=179 _ThreadName=Thread-8] [timeMillis: 1618761200294] [levelValue: 800] [[
  FileMonitoring shutdown]]

[2021-04-18T18:53:20.325+0300] [glassfish 5.0] [INFO] [NCLS-JMX-00002] [javax.enterprise.system.jmx] [tid: _ThreadID=179 _ThreadName=Thread-48] [timeMillis: 1618761200325] [levelValue: 800] [[
  JMXStartupService: Stopped JMXConnectorServer: null]]

[2021-04-18T18:53:20.326+0300] [glassfish 5.0] [INFO] [NCLS-JMX-00001] [javax.enterprise.system.jmx] [tid: _ThreadID=179 _ThreadName=Thread-48] [timeMillis: 1618761200326] [levelValue: 800] [[
  JMXStartupService and JMXConnectors have been shut down.]]

[2021-04-18T18:53:20.605+0300] [glassfish 5.0] [INFO] [] [] [tid: _ThreadID=188 _ThreadName=Thread-8] [timeMillis: 1618761200605] [levelValue: 800] [[
  JdbcRuntimeExtension,  getAllSystemRAResourcesAndPools = [GlassFishConfigBean.org.glassfish.jdbc.config.JdbcResource, GlassFishConfigBean.org.glassfish.jdbc.config.JdbcResource, GlassFishConfigBean.org.glassfish.jdbc.config.JdbcConnectionPool, GlassFishConfigBean.org.glassfish.jdbc.config.JdbcConnectionPool, GlassFishConfigBean.org.glassfish.jdbc.config.JdbcConnectionPool, GlassFishConfigBean.org.glassfish.jdbc.config.JdbcResource]]]

